<?xml version="1.0" encoding="UTF-8"?>
<!-- Generated by org.testng.reporters.JUnitXMLReporter -->
<testsuite ignored="8" hostname="VINOD" failures="1" tests="7" name="Test-runner-2" time="32.48" errors="0" timestamp="2023-01-12T17:44:06 IST">
  <testcase classname="openacctostaffapprove_package.OpenAccountToPendingAccountTest" name="OpenAccount" time="2.211"/>
  <testcase classname="openacctostaffapprove_package.OpenAccountToPendingAccountTest" name="approveAccount" time="2.289"/>
  <testcase classname="approvetocreditcus_package.FromApproveaccountToCreditCustomerTest" name="creditCustomer" time="1.415"/>
  <testcase classname="applydebittoresister_package.ApplyDebitToRegisterTest" name="applyDebitCard" time="1.195"/>
  <testcase classname="applydebittoresister_package.ApplyDebitToRegisterTest" name="internetBankingLogin" time="1.54"/>
  <testcase classname="logintoaddbenificiary_package.LoginToAddBenficiaryTest" name="LoginInterBanking" time="1.615"/>
  <testcase classname="selectbenificaryfundtransfer_package.SelectBenficiaryFundTransferTest" name="fundTransfer" time="5.06">
    <failure type="org.openqa.selenium.UnhandledAlertException" message="unexpected alert open: {Alert text : Insufficient balance}
  (Session info: MicrosoftEdge=108.0.1462.76): Insufficient balance
Build info: version: &amp;apos;3.141.59&amp;apos;, revision: &amp;apos;e82be7d358&amp;apos;, time: &amp;apos;2018-11-14T08:17:03&amp;apos;
System info: host: &amp;apos;VINOD&amp;apos;, ip: &amp;apos;192.168.0.107&amp;apos;, os.name: &amp;apos;Windows 11&amp;apos;, os.arch: &amp;apos;amd64&amp;apos;, os.version: &amp;apos;10.0&amp;apos;, java.version: &amp;apos;17.0.4.1&amp;apos;
Driver info: org.openqa.selenium.edge.EdgeDriver
Capabilities {acceptInsecureCerts: false, browserName: msedge, browserVersion: 108.0.1462.76, javascriptEnabled: true, ms:edgeOptions: {debuggerAddress: localhost:61758}, msedge: {msedgedriverVersion: 108.0.1462.76 (5feb33087363..., userDataDir: C:\Users\vinod\AppData\Loca...}, networkConnectionEnabled: false, pageLoadStrategy: normal, platform: WINDOWS, platformName: WINDOWS, proxy: Proxy(), setWindowRect: true, strictFileInteractability: false, timeouts: {implicit: 0, pageLoad: 300000, script: 30000}, unhandledPromptBehavior: dismiss and notify, webauthn:extension:credBlob: true, webauthn:extension:largeBlob: true, webauthn:virtualAuthenticators: true}
Session ID: b2b009e37024a0fa5a429cd2186e3c8f
*** Element info: {Using=xpath, value=//label[@class=&amp;apos;OTP_msg&amp;apos;]}">
      <![CDATA[org.openqa.selenium.UnhandledAlertException: unexpected alert open: {Alert text : Insufficient balance}
  (Session info: MicrosoftEdge=108.0.1462.76): Insufficient balance
Build info: version: '3.141.59', revision: 'e82be7d358', time: '2018-11-14T08:17:03'
System info: host: 'VINOD', ip: '192.168.0.107', os.name: 'Windows 11', os.arch: 'amd64', os.version: '10.0', java.version: '17.0.4.1'
Driver info: org.openqa.selenium.edge.EdgeDriver
Capabilities {acceptInsecureCerts: false, browserName: msedge, browserVersion: 108.0.1462.76, javascriptEnabled: true, ms:edgeOptions: {debuggerAddress: localhost:61758}, msedge: {msedgedriverVersion: 108.0.1462.76 (5feb33087363..., userDataDir: C:\Users\vinod\AppData\Loca...}, networkConnectionEnabled: false, pageLoadStrategy: normal, platform: WINDOWS, platformName: WINDOWS, proxy: Proxy(), setWindowRect: true, strictFileInteractability: false, timeouts: {implicit: 0, pageLoad: 300000, script: 30000}, unhandledPromptBehavior: dismiss and notify, webauthn:extension:credBlob: true, webauthn:extension:largeBlob: true, webauthn:virtualAuthenticators: true}
Session ID: b2b009e37024a0fa5a429cd2186e3c8f
*** Element info: {Using=xpath, value=//label[@class='OTP_msg']}
at org.openqa.selenium.remote.http.W3CHttpResponseCodec.decode(W3CHttpResponseCodec.java:120)
at org.openqa.selenium.remote.http.W3CHttpResponseCodec.decode(W3CHttpResponseCodec.java:49)
at org.openqa.selenium.remote.HttpCommandExecutor.execute(HttpCommandExecutor.java:158)
at org.openqa.selenium.remote.service.DriverCommandExecutor.execute(DriverCommandExecutor.java:83)
at org.openqa.selenium.remote.RemoteWebDriver.execute(RemoteWebDriver.java:552)
at org.openqa.selenium.remote.RemoteWebDriver.findElement(RemoteWebDriver.java:323)
at org.openqa.selenium.remote.RemoteWebDriver.findElementByXPath(RemoteWebDriver.java:428)
at org.openqa.selenium.By$ByXPath.findElement(By.java:353)
at org.openqa.selenium.remote.RemoteWebDriver.findElement(RemoteWebDriver.java:315)
at org.openqa.selenium.support.pagefactory.DefaultElementLocator.findElement(DefaultElementLocator.java:69)
at org.openqa.selenium.support.pagefactory.internal.LocatingElementHandler.invoke(LocatingElementHandler.java:38)
at jdk.proxy2/jdk.proxy2.$Proxy19.getText(Unknown Source)
at com.bankingdomain.objectrepo.OnlineCustomerProfilePagePom.getTextFromOtp(OnlineCustomerProfilePagePom.java:60)
at selectbenificaryfundtransfer_package.SelectBenficiaryFundTransferTest.fundTransfer(SelectBenficiaryFundTransferTest.java:30)
at java.base/java.util.ArrayList.forEach(ArrayList.java:1511)
at java.base/java.util.concurrent.FutureTask.run(FutureTask.java:264)
at java.base/java.util.concurrent.ThreadPoolExecutor.runWorker(ThreadPoolExecutor.java:1136)
at java.base/java.util.concurrent.ThreadPoolExecutor$Worker.run(ThreadPoolExecutor.java:635)
at java.base/java.lang.Thread.run(Thread.java:833)
... Removed 18 stack frames]]>
    </failure>
  </testcase> <!-- fundTransfer -->
  <testcase classname="com.banking.generiutilities.BaseClass" name="@BeforeSuite configToDB" time="0.0">
    <ignored/>
  </testcase> <!-- @BeforeSuite configToDB -->
  <testcase classname="com.banking.generiutilities.BaseClass" name="@BeforeSuite configToDB" time="0.0">
    <ignored/>
  </testcase> <!-- @BeforeSuite configToDB -->
  <testcase classname="com.banking.generiutilities.BaseClass" name="@BeforeSuite configToDB" time="0.0">
    <ignored/>
  </testcase> <!-- @BeforeSuite configToDB -->
  <testcase classname="com.banking.generiutilities.BaseClass" name="@BeforeSuite configToDB" time="0.0">
    <ignored/>
  </testcase> <!-- @BeforeSuite configToDB -->
  <testcase classname="com.banking.generiutilities.BaseClass" name="@AfterSuite configCloseDB" time="0.0">
    <ignored/>
  </testcase> <!-- @AfterSuite configCloseDB -->
  <testcase classname="com.banking.generiutilities.BaseClass" name="@AfterSuite configCloseDB" time="0.0">
    <ignored/>
  </testcase> <!-- @AfterSuite configCloseDB -->
  <testcase classname="com.banking.generiutilities.BaseClass" name="@AfterSuite configCloseDB" time="0.0">
    <ignored/>
  </testcase> <!-- @AfterSuite configCloseDB -->
  <testcase classname="com.banking.generiutilities.BaseClass" name="@AfterSuite configCloseDB" time="0.0">
    <ignored/>
  </testcase> <!-- @AfterSuite configCloseDB -->
</testsuite> <!-- Test-runner-2 -->
