<html>
<head>
<title>TestNG:  Test-runner-2</title>
<link href="../testng.css" rel="stylesheet" type="text/css" />
<link href="../my-testng.css" rel="stylesheet" type="text/css" />

<style type="text/css">
.log { display: none;} 
.stack-trace { display: none;} 
</style>
<script type="text/javascript">
<!--
function flip(e) {
  current = e.style.display;
  if (current == 'block') {
    e.style.display = 'none';
    return 0;
  }
  else {
    e.style.display = 'block';
    return 1;
  }
}

function toggleBox(szDivId, elem, msg1, msg2)
{
  var res = -1;  if (document.getElementById) {
    res = flip(document.getElementById(szDivId));
  }
  else if (document.all) {
    // this is the way old msie versions work
    res = flip(document.all[szDivId]);
  }
  if(elem) {
    if(res == 0) elem.innerHTML = msg1; else elem.innerHTML = msg2;
  }

}

function toggleAllBoxes() {
  if (document.getElementsByTagName) {
    d = document.getElementsByTagName('div');
    for (i = 0; i < d.length; i++) {
      if (d[i].className == 'log') {
        flip(d[i]);
      }
    }
  }
}

// -->
</script>

</head>
<body>
<h2 align='center'>Test-runner-2</h2><table border='1' align="center">
<tr>
<td>Tests passed/Failed/Skipped:</td><td>6/1/0</td>
</tr><tr>
<td>Started on:</td><td>Thu Jan 12 17:43:34 IST 2023</td>
</tr>
<tr><td>Total time:</td><td>32 seconds (32480 ms)</td>
</tr><tr>
<td>Included groups:</td><td></td>
</tr><tr>
<td>Excluded groups:</td><td></td>
</tr>
</table><p/>
<small><i>(Hover the method name to see the test class name)</i></small><p/>
<table width='100%' border='1' class='invocation-failed'>
<tr><td colspan='4' align='center'><b>FAILED TESTS</b></td></tr>
<tr><td><b>Test method</b></td>
<td width="30%"><b>Exception</b></td>
<td width="10%"><b>Time (seconds)</b></td>
<td><b>Instance</b></td>
</tr>
<tr>
<td title='selectbenificaryfundtransfer_package.SelectBenficiaryFundTransferTest.fundTransfer()'><b>fundTransfer</b><br>Test class: selectbenificaryfundtransfer_package.SelectBenficiaryFundTransferTest<br/>
<a href="#Output-1969490307" onClick='toggleBox("Output-1969490307", this, "Show output", "Hide output");'>Show output</a>

<a href="#Output-1969490307" onClick="toggleAllBoxes();">Show all outputs</a>
<div class='log' id="Output-1969490307">
fundTransfer TestScript Excutin Started <br/>
--TestScript Execution failed<br/>
</div>
</td>
<td><div><pre>org.openqa.selenium.UnhandledAlertException: unexpected alert open: {Alert text : Insufficient balance}
  (Session info: MicrosoftEdge=108.0.1462.76): Insufficient balance
Build info: version: &apos;3.141.59&apos;, revision: &apos;e82be7d358&apos;, time: &apos;2018-11-14T08:17:03&apos;
System info: host: &apos;VINOD&apos;, ip: &apos;192.168.0.107&apos;, os.name: &apos;Windows 11&apos;, os.arch: &apos;amd64&apos;, os.version: &apos;10.0&apos;, java.version: &apos;17.0.4.1&apos;
Driver info: org.openqa.selenium.edge.EdgeDriver
Capabilities {acceptInsecureCerts: false, browserName: msedge, browserVersion: 108.0.1462.76, javascriptEnabled: true, ms:edgeOptions: {debuggerAddress: localhost:61758}, msedge: {msedgedriverVersion: 108.0.1462.76 (5feb33087363..., userDataDir: C:\Users\vinod\AppData\Loca...}, networkConnectionEnabled: false, pageLoadStrategy: normal, platform: WINDOWS, platformName: WINDOWS, proxy: Proxy(), setWindowRect: true, strictFileInteractability: false, timeouts: {implicit: 0, pageLoad: 300000, script: 30000}, unhandledPromptBehavior: dismiss and notify, webauthn:extension:credBlob: true, webauthn:extension:largeBlob: true, webauthn:virtualAuthenticators: true}
Session ID: b2b009e37024a0fa5a429cd2186e3c8f
*** Element info: {Using=xpath, value=//label[@class=&apos;OTP_msg&apos;]}
	at org.openqa.selenium.remote.http.W3CHttpResponseCodec.decode(W3CHttpResponseCodec.java:120)
	at org.openqa.selenium.remote.http.W3CHttpResponseCodec.decode(W3CHttpResponseCodec.java:49)
	at org.openqa.selenium.remote.HttpCommandExecutor.execute(HttpCommandExecutor.java:158)
	at org.openqa.selenium.remote.service.DriverCommandExecutor.execute(DriverCommandExecutor.java:83)
	at org.openqa.selenium.remote.RemoteWebDriver.execute(RemoteWebDriver.java:552)
	at org.openqa.selenium.remote.RemoteWebDriver.findElement(RemoteWebDriver.java:323)
	at org.openqa.selenium.remote.RemoteWebDriver.findElementByXPath(RemoteWebDriver.java:428)
	at org.openqa.selenium.By$ByXPath.findElement(By.java:353)
	at org.openqa.selenium.remote.RemoteWebDriver.findElement(RemoteWebDriver.java:315)
	at org.openqa.selenium.support.pagefactory.DefaultElementLocator.findElement(DefaultElementLocator.java:69)
	at org.openqa.selenium.support.pagefactory.internal.LocatingElementHandler.invoke(LocatingElementHandler.java:38)
	at jdk.proxy2/jdk.proxy2.$Proxy19.getText(Unknown Source)
	at com.bankingdomain.objectrepo.OnlineCustomerProfilePagePom.getTextFromOtp(OnlineCustomerProfilePagePom.java:60)
	at selectbenificaryfundtransfer_package.SelectBenficiaryFundTransferTest.fundTransfer(SelectBenficiaryFundTransferTest.java:30)
	at java.base/java.util.ArrayList.forEach(ArrayList.java:1511)
	at java.base/java.util.concurrent.FutureTask.run(FutureTask.java:264)
	at java.base/java.util.concurrent.ThreadPoolExecutor.runWorker(ThreadPoolExecutor.java:1136)
	at java.base/java.util.concurrent.ThreadPoolExecutor$Worker.run(ThreadPoolExecutor.java:635)
	at java.base/java.lang.Thread.run(Thread.java:833)
... Removed 18 stack frames</pre></div><a href='#' onClick='toggleBox("stack-trace1969490307", this, "Click to show all stack frames", "Click to hide stack frames")'>Click to show all stack frames</a>
<div class='stack-trace' id='stack-trace1969490307'><pre>org.openqa.selenium.UnhandledAlertException: unexpected alert open: {Alert text : Insufficient balance}
  (Session info: MicrosoftEdge=108.0.1462.76): Insufficient balance
Build info: version: &apos;3.141.59&apos;, revision: &apos;e82be7d358&apos;, time: &apos;2018-11-14T08:17:03&apos;
System info: host: &apos;VINOD&apos;, ip: &apos;192.168.0.107&apos;, os.name: &apos;Windows 11&apos;, os.arch: &apos;amd64&apos;, os.version: &apos;10.0&apos;, java.version: &apos;17.0.4.1&apos;
Driver info: org.openqa.selenium.edge.EdgeDriver
Capabilities {acceptInsecureCerts: false, browserName: msedge, browserVersion: 108.0.1462.76, javascriptEnabled: true, ms:edgeOptions: {debuggerAddress: localhost:61758}, msedge: {msedgedriverVersion: 108.0.1462.76 (5feb33087363..., userDataDir: C:\Users\vinod\AppData\Loca...}, networkConnectionEnabled: false, pageLoadStrategy: normal, platform: WINDOWS, platformName: WINDOWS, proxy: Proxy(), setWindowRect: true, strictFileInteractability: false, timeouts: {implicit: 0, pageLoad: 300000, script: 30000}, unhandledPromptBehavior: dismiss and notify, webauthn:extension:credBlob: true, webauthn:extension:largeBlob: true, webauthn:virtualAuthenticators: true}
Session ID: b2b009e37024a0fa5a429cd2186e3c8f
*** Element info: {Using=xpath, value=//label[@class=&apos;OTP_msg&apos;]}
	at org.openqa.selenium.remote.http.W3CHttpResponseCodec.decode(W3CHttpResponseCodec.java:120)
	at org.openqa.selenium.remote.http.W3CHttpResponseCodec.decode(W3CHttpResponseCodec.java:49)
	at org.openqa.selenium.remote.HttpCommandExecutor.execute(HttpCommandExecutor.java:158)
	at org.openqa.selenium.remote.service.DriverCommandExecutor.execute(DriverCommandExecutor.java:83)
	at org.openqa.selenium.remote.RemoteWebDriver.execute(RemoteWebDriver.java:552)
	at org.openqa.selenium.remote.RemoteWebDriver.findElement(RemoteWebDriver.java:323)
	at org.openqa.selenium.remote.RemoteWebDriver.findElementByXPath(RemoteWebDriver.java:428)
	at org.openqa.selenium.By$ByXPath.findElement(By.java:353)
	at org.openqa.selenium.remote.RemoteWebDriver.findElement(RemoteWebDriver.java:315)
	at org.openqa.selenium.support.pagefactory.DefaultElementLocator.findElement(DefaultElementLocator.java:69)
	at org.openqa.selenium.support.pagefactory.internal.LocatingElementHandler.invoke(LocatingElementHandler.java:38)
	at jdk.proxy2/jdk.proxy2.$Proxy19.getText(Unknown Source)
	at com.bankingdomain.objectrepo.OnlineCustomerProfilePagePom.getTextFromOtp(OnlineCustomerProfilePagePom.java:60)
	at selectbenificaryfundtransfer_package.SelectBenficiaryFundTransferTest.fundTransfer(SelectBenficiaryFundTransferTest.java:30)
	at java.base/jdk.internal.reflect.NativeMethodAccessorImpl.invoke0(Native Method)
	at java.base/jdk.internal.reflect.NativeMethodAccessorImpl.invoke(NativeMethodAccessorImpl.java:77)
	at java.base/jdk.internal.reflect.DelegatingMethodAccessorImpl.invoke(DelegatingMethodAccessorImpl.java:43)
	at java.base/java.lang.reflect.Method.invoke(Method.java:568)
	at org.testng.internal.MethodInvocationHelper.invokeMethod(MethodInvocationHelper.java:133)
	at org.testng.internal.TestInvoker.invokeMethod(TestInvoker.java:598)
	at org.testng.internal.TestInvoker.invokeTestMethod(TestInvoker.java:173)
	at org.testng.internal.MethodRunner.runInSequence(MethodRunner.java:46)
	at org.testng.internal.TestInvoker$MethodInvocationAgent.invoke(TestInvoker.java:824)
	at org.testng.internal.TestInvoker.invokeTestMethods(TestInvoker.java:146)
	at org.testng.internal.TestMethodWorker.invokeTestMethods(TestMethodWorker.java:146)
	at org.testng.internal.TestMethodWorker.run(TestMethodWorker.java:128)
	at java.base/java.util.ArrayList.forEach(ArrayList.java:1511)
	at org.testng.TestRunner.privateRun(TestRunner.java:794)
	at org.testng.TestRunner.run(TestRunner.java:596)
	at org.testng.SuiteRunner.runTest(SuiteRunner.java:377)
	at org.testng.SuiteRunner.access$000(SuiteRunner.java:28)
	at org.testng.SuiteRunner$SuiteWorker.run(SuiteRunner.java:418)
	at org.testng.internal.thread.ThreadUtil.lambda$execute$0(ThreadUtil.java:64)
	at java.base/java.util.concurrent.FutureTask.run(FutureTask.java:264)
	at java.base/java.util.concurrent.ThreadPoolExecutor.runWorker(ThreadPoolExecutor.java:1136)
	at java.base/java.util.concurrent.ThreadPoolExecutor$Worker.run(ThreadPoolExecutor.java:635)
	at java.base/java.lang.Thread.run(Thread.java:833)
</pre></div></td>
<td>5</td>
<td>selectbenificaryfundtransfer_package.SelectBenficiaryFundTransferTest@272113c4</td></tr>
</table><p>
<table width='100%' border='1' class='invocation-passed'>
<tr><td colspan='4' align='center'><b>PASSED TESTS</b></td></tr>
<tr><td><b>Test method</b></td>
<td width="30%"><b>Exception</b></td>
<td width="10%"><b>Time (seconds)</b></td>
<td><b>Instance</b></td>
</tr>
<tr>
<td title='approvetocreditcus_package.FromApproveaccountToCreditCustomerTest.creditCustomer()'><b>creditCustomer</b><br>Test class: approvetocreditcus_package.FromApproveaccountToCreditCustomerTest<br/>
<a href="#Output-403595485" onClick='toggleBox("Output-403595485", this, "Show output", "Hide output");'>Show output</a>

<a href="#Output-403595485" onClick="toggleAllBoxes();">Show all outputs</a>
<div class='log' id="Output-403595485">
creditCustomer TestScript Excutin Started <br/>
Customer Account no 1011111011947 credited sucessfulljy of Rs 10000<br/>
creditCustomer TestScript Excution succesfully  <br/>
</div>
</td>
<td></td>
<td>1</td>
<td>approvetocreditcus_package.FromApproveaccountToCreditCustomerTest@273e7444</td></tr>
<tr>
<td title='logintoaddbenificiary_package.LoginToAddBenficiaryTest.LoginInterBanking()'><b>LoginInterBanking</b><br>Test class: logintoaddbenificiary_package.LoginToAddBenficiaryTest<br/>
<a href="#Output-552577835" onClick='toggleBox("Output-552577835", this, "Show output", "Hide output");'>Show output</a>

<a href="#Output-552577835" onClick="toggleAllBoxes();">Show all outputs</a>
<div class='log' id="Output-552577835">
LoginInterBanking TestScript Excutin Started <br/>
The Benficiary Account no is  addedd sucesfully<br/>
LoginInterBanking TestScript Excution succesfully  <br/>
</div>
</td>
<td></td>
<td>1</td>
<td>logintoaddbenificiary_package.LoginToAddBenficiaryTest@783a467b</td></tr>
<tr>
<td title='applydebittoresister_package.ApplyDebitToRegisterTest.applyDebitCard()'><b>applyDebitCard</b><br>Test class: applydebittoresister_package.ApplyDebitToRegisterTest<br/>
<a href="#Output-953930974" onClick='toggleBox("Output-953930974", this, "Show output", "Hide output");'>Show output</a>

<a href="#Output-953930974" onClick="toggleAllBoxes();">Show all outputs</a>
<div class='log' id="Output-953930974">
applyDebitCard TestScript Excutin Started <br/>
The debit card no is421399087073<br/>
The debit card pin no is4949<br/>
applyDebitCard TestScript Excution succesfully  <br/>
</div>
</td>
<td></td>
<td>1</td>
<td>applydebittoresister_package.ApplyDebitToRegisterTest@7db12bb6</td></tr>
<tr>
<td title='applydebittoresister_package.ApplyDebitToRegisterTest.internetBankingLogin()'><b>internetBankingLogin</b><br>Test class: applydebittoresister_package.ApplyDebitToRegisterTest<br/>
<a href="#Output-102006573" onClick='toggleBox("Output-102006573", this, "Show output", "Hide output");'>Show output</a>

<a href="#Output-102006573" onClick="toggleAllBoxes();">Show all outputs</a>
<div class='log' id="Output-102006573">
internetBankingLogin TestScript Excutin Started <br/>
The Customer Id is 1011947<br/>
internetBankingLogin TestScript Excution succesfully  <br/>
</div>
</td>
<td></td>
<td>1</td>
<td>applydebittoresister_package.ApplyDebitToRegisterTest@7db12bb6</td></tr>
<tr>
<td title='openacctostaffapprove_package.OpenAccountToPendingAccountTest.OpenAccount()'><b>OpenAccount</b><br>Test class: openacctostaffapprove_package.OpenAccountToPendingAccountTest<br/>
<a href="#Output-635828510" onClick='toggleBox("Output-635828510", this, "Show output", "Hide output");'>Show output</a>

<a href="#Output-635828510" onClick="toggleAllBoxes();">Show all outputs</a>
<div class='log' id="Output-635828510">
OpenAccount TestScript Excutin Started <br/>
the applivcation no is908339905<br/>
OpenAccount TestScript Excution succesfully  <br/>
</div>
</td>
<td></td>
<td>2</td>
<td>openacctostaffapprove_package.OpenAccountToPendingAccountTest@52b1beb6</td></tr>
<tr>
<td title='openacctostaffapprove_package.OpenAccountToPendingAccountTest.approveAccount()'><b>approveAccount</b><br>Test class: openacctostaffapprove_package.OpenAccountToPendingAccountTest<br/>
<a href="#Output-1617086236" onClick='toggleBox("Output-1617086236", this, "Show output", "Hide output");'>Show output</a>

<a href="#Output-1617086236" onClick="toggleAllBoxes();">Show all outputs</a>
<div class='log' id="Output-1617086236">
approveAccount TestScript Excutin Started <br/>
The Actual  Application no908339905<br/>
The Expected Application no 7028528<br/>
the Account no is 1011111011947<br/>
approveAccount TestScript Excution succesfully  <br/>
</div>
</td>
<td></td>
<td>2</td>
<td>openacctostaffapprove_package.OpenAccountToPendingAccountTest@52b1beb6</td></tr>
</table><p>
</body>
</html>